{
  "RSpec": {
    "coverage": {
      "/mnt/c/Users/Kyle Ady/Documents/git/uss_rss_reader/spec/models/articles_spec.rb": [
        1,
        null,
        1,
        1,
        2,
        null,
        null,
        1,
        1,
        1,
        1,
        1,
        null,
        null,
        null,
        1,
        1,
        1,
        1,
        1,
        1,
        1,
        1,
        null,
        null,
        1,
        1,
        null,
        1,
        1,
        1,
        null,
        1,
        1,
        null,
        null,
        1,
        1,
        null,
        null,
        null
      ],
      "/mnt/c/Users/Kyle Ady/Documents/git/uss_rss_reader/spec/rails_helper.rb": [
        null,
        1,
        1,
        null,
        1,
        1,
        1,
        null,
        null,
        null,
        null,
        null,
        null,
        null,
        null,
        null,
        null,
        null,
        null,
        null,
        null,
        null,
        null,
        null,
        null,
        null,
        1,
        null,
        1,
        null,
        1,
        null,
        null,
        null,
        null,
        1,
        null,
        null,
        null,
        null,
        null,
        null,
        null,
        null,
        null,
        null,
        null,
        null,
        null,
        null,
        1,
        null,
        null,
        1,
        null,
        null,
        null
      ],
      "/mnt/c/Users/Kyle Ady/Documents/git/uss_rss_reader/config/environment.rb": [
        null,
        1,
        null,
        null,
        1
      ],
      "/mnt/c/Users/Kyle Ady/Documents/git/uss_rss_reader/config/application.rb": [
        1,
        null,
        1,
        null,
        null,
        null,
        1,
        null,
        1,
        1,
        null,
        null,
        null,
        1,
        null,
        1,
        1,
        null,
        null,
        null
      ],
      "/mnt/c/Users/Kyle Ady/Documents/git/uss_rss_reader/config/boot.rb": [
        1,
        null,
        1
      ],
      "/mnt/c/Users/Kyle Ady/Documents/git/uss_rss_reader/config/environments/test.rb": [
        1,
        null,
        null,
        null,
        null,
        null,
        null,
        1,
        null,
        null,
        null,
        null,
        1,
        null,
        null,
        1,
        1,
        null,
        null,
        null,
        null,
        1,
        1,
        null,
        null,
        1,
        null,
        null,
        1,
        1,
        null,
        null,
        null,
        null,
        1,
        null,
        null,
        1,
        null,
        null,
        null,
        null
      ],
      "/mnt/c/Users/Kyle Ady/Documents/git/uss_rss_reader/config/initializers/application_controller_renderer.rb": [
        null,
        null,
        null,
        null,
        null,
        null
      ],
      "/mnt/c/Users/Kyle Ady/Documents/git/uss_rss_reader/config/initializers/assets.rb": [
        null,
        null,
        null,
        1,
        null,
        null,
        null,
        null,
        null,
        null,
        null
      ],
      "/mnt/c/Users/Kyle Ady/Documents/git/uss_rss_reader/config/initializers/backtrace_silencers.rb": [
        null,
        null,
        null,
        null,
        null,
        null,
        null
      ],
      "/mnt/c/Users/Kyle Ady/Documents/git/uss_rss_reader/config/initializers/cookies_serializer.rb": [
        null,
        null,
        null,
        null,
        1
      ],
      "/mnt/c/Users/Kyle Ady/Documents/git/uss_rss_reader/config/initializers/filter_parameter_logging.rb": [
        null,
        null,
        null,
        1
      ],
      "/mnt/c/Users/Kyle Ady/Documents/git/uss_rss_reader/config/initializers/inflections.rb": [
        null,
        null,
        null,
        null,
        null,
        null,
        null,
        null,
        null,
        null,
        null,
        null,
        null,
        null,
        null,
        null
      ],
      "/mnt/c/Users/Kyle Ady/Documents/git/uss_rss_reader/config/initializers/mime_types.rb": [
        null,
        null,
        null,
        null
      ],
      "/mnt/c/Users/Kyle Ady/Documents/git/uss_rss_reader/config/initializers/new_framework_defaults.rb": [
        null,
        null,
        null,
        null,
        null,
        null,
        null,
        1,
        null,
        null,
        1,
        null,
        null,
        null,
        1,
        null,
        null,
        1,
        null,
        null,
        1,
        null,
        null,
        1
      ],
      "/mnt/c/Users/Kyle Ady/Documents/git/uss_rss_reader/config/initializers/session_store.rb": [
        null,
        null,
        1
      ],
      "/mnt/c/Users/Kyle Ady/Documents/git/uss_rss_reader/config/initializers/wrap_parameters.rb": [
        null,
        null,
        null,
        null,
        null,
        null,
        1,
        2,
        null,
        null,
        null,
        null,
        null,
        null
      ],
      "/mnt/c/Users/Kyle Ady/Documents/git/uss_rss_reader/app/jobs/feeds_update_job.rb": [
        1,
        1,
        null,
        null,
        null,
        null,
        1,
        1,
        null,
        1,
        3,
        1,
        1,
        null,
        2,
        null,
        null,
        1,
        null,
        null
      ],
      "/mnt/c/Users/Kyle Ady/Documents/git/uss_rss_reader/app/models/article.rb": [
        null,
        null,
        null,
        null,
        1,
        1,
        1,
        null,
        1,
        1,
        null,
        null,
        1,
        64,
        null,
        null,
        1,
        3,
        3,
        1,
        null,
        0,
        null,
        null,
        1,
        42,
        null,
        null,
        1,
        21,
        21,
        null,
        null,
        null,
        null,
        null,
        null,
        null,
        1,
        null,
        1,
        23,
        23,
        23,
        23,
        23,
        null,
        null
      ],
      "/mnt/c/Users/Kyle Ady/Documents/git/uss_rss_reader/app/models/application_record.rb": [
        1,
        1,
        null
      ],
      "/mnt/c/Users/Kyle Ady/Documents/git/uss_rss_reader/app/models/user.rb": [
        null,
        null,
        null,
        null,
        1,
        1,
        1,
        1,
        1,
        null,
        null
      ],
      "/mnt/c/Users/Kyle Ady/Documents/git/uss_rss_reader/app/models/feed.rb": [
        1,
        1,
        null,
        null,
        null,
        null,
        null,
        1,
        1,
        1,
        1,
        null,
        1,
        6,
        4,
        null,
        2,
        2,
        2,
        null,
        null,
        1,
        null,
        null,
        1,
        6,
        6,
        null,
        0,
        null,
        null,
        1,
        null,
        1,
        6,
        5,
        4,
        null,
        2,
        null,
        2,
        null,
        null,
        null,
        null,
        1,
        2,
        2,
        null,
        null,
        null,
        2,
        1,
        null,
        1,
        null,
        null,
        null,
        1,
        2,
        2,
        null,
        null,
        null,
        2,
        1,
        null,
        1,
        null,
        null,
        null,
        1,
        1,
        20,
        190,
        null,
        20,
        null,
        null,
        null,
        1,
        1,
        1,
        0,
        null,
        1,
        null,
        null,
        null,
        1,
        20,
        null,
        null,
        null,
        null,
        null,
        null,
        20,
        20,
        null,
        null,
        1,
        1,
        null,
        null,
        null,
        null,
        null,
        null,
        1,
        1,
        null,
        null,
        1,
        113,
        113,
        113,
        104,
        null,
        9,
        null,
        null,
        0,
        null,
        null,
        null
      ],
      "/mnt/c/Users/Kyle Ady/Documents/git/uss_rss_reader/config/routes.rb": [
        1,
        1,
        1,
        1,
        1,
        null,
        null,
        null,
        null,
        1,
        1,
        1,
        1,
        1,
        null,
        null,
        null,
        1,
        null,
        1,
        null
      ],
      "/mnt/c/Users/Kyle Ady/Documents/git/uss_rss_reader/app/helpers/application_helper.rb": [
        null,
        null,
        null,
        1,
        null
      ],
      "/mnt/c/Users/Kyle Ady/Documents/git/uss_rss_reader/app/helpers/feeds_helper.rb": [
        null,
        null,
        null,
        1,
        null
      ],
      "/mnt/c/Users/Kyle Ady/Documents/git/uss_rss_reader/app/helpers/welcome_helper.rb": [
        null,
        null,
        null,
        1,
        null
      ],
      "/mnt/c/Users/Kyle Ady/Documents/git/uss_rss_reader/spec/models/feed_spec.rb": [
        1,
        null,
        1,
        1,
        2,
        null,
        null,
        2,
        null,
        1,
        1,
        1,
        1,
        null,
        null,
        1,
        1,
        1,
        null,
        1,
        1,
        1,
        null,
        1,
        1,
        1,
        1,
        1,
        null,
        1,
        1,
        1,
        1,
        1,
        null,
        null,
        null,
        1,
        1,
        1,
        1,
        1,
        1,
        null,
        null,
        1,
        1,
        null,
        1,
        1,
        1,
        null,
        1,
        1,
        null,
        null,
        1,
        1,
        null,
        null,
        null
      ],
      "/mnt/c/Users/Kyle Ady/Documents/git/uss_rss_reader/spec/models/user_spec.rb": [
        1,
        null,
        1,
        2,
        null
      ],
      "/mnt/c/Users/Kyle Ady/Documents/git/uss_rss_reader/app/controllers/application_controller.rb": [
        null,
        null,
        null,
        1,
        1,
        null,
        1,
        null,
        1,
        0,
        0,
        null,
        null,
        1,
        0,
        null,
        0,
        null,
        null,
        1,
        0,
        0,
        0,
        0,
        null,
        null,
        null,
        1,
        null,
        1,
        0,
        null,
        null,
        1,
        0,
        0,
        null,
        null
      ]
    },
    "timestamp": 1479076610
  }
}
